<?xml version="1.0" encoding="UTF-8"?>
<testsuites name="Negative Cases" time="85.233" tests="8" failures="0" errors="0">
   <testsuite name="Negative Cases" tests="8" failures="0" errors="0" time="85.233" skipped="0" timestamp="2022-03-15 13:06:12" hostname="user - DESKTOP-HVUGG9G" id="Test Suites/Negative Cases">
      <properties>
         <property name="deviceName" value=""/>
         <property name="devicePlatform" value=""/>
         <property name="logFolder" value="C:\\Users\\user\\Katalon Studio\\Facebook_Login_DOT\\Reports\\20220315_130603\\Negative Cases\\20220315_130603"/>
         <property name="logFiles" value="C:\\Users\\user\\Katalon Studio\\Facebook_Login_DOT\\Reports\\20220315_130603\\Negative Cases\\20220315_130603\\execution0.log"/>
         <property name="attachments" value=""/>
         <property name="hostName" value="user - DESKTOP-HVUGG9G"/>
         <property name="os" value="Windows 10 64bit"/>
         <property name="katalonVersion" value="8.2.5.208"/>
         <property name="browser" value="Chrome 99.0.4844.51"/>
         <property name="hostAddress" value="192.168.155.209"/>
         <property name="sessionId" value="6f0473d32011b5ba3b29f1fee11ec337"/>
         <property name="seleniumVersion" value="3.141.59"/>
         <property name="proxyInformation" value="ProxyInformation { proxyOption=NO_PROXY, proxyServerType=HTTP, username=, password=********, proxyServerAddress=, proxyServerPort=0, executionList=&quot;&quot;, isApplyToDesiredCapabilities=true }"/>
         <property name="platform" value="Windows 10"/>
      </properties>
      <testcase name="Test Cases/Negative/Failed Login with blank email and blank password" time="9.655" classname="Test Cases/Negative/Failed Login with blank email and blank password" status="PASSED">
         <system-out><![CDATA[2022-03-15 13:06:13 - [TEST_CASE][PASSED] - Test Cases/Negative/Failed Login with blank email and blank password: Test Cases/Negative/Failed Login with blank email and blank password

2022-03-15 13:06:14 - [TEST_STEP][PASSED] - openBrowser(""): Browser is opened with url: ''

2022-03-15 13:06:14 - [MESSAGE][INFO] - Starting 'Chrome' driver

2022-03-15 13:06:15 - [MESSAGE][INFO] - Action delay is set to 0 milliseconds

2022-03-15 13:06:18 - [MESSAGE][PASSED] - Browser is opened with url: ''

2022-03-15 13:06:18 - [TEST_STEP][PASSED] - navigateToUrl("https://web.facebook.com/"): Navigate to 'https://web.facebook.com/' successfully

2022-03-15 13:06:19 - [MESSAGE][PASSED] - Navigate to 'https://web.facebook.com/' successfully

2022-03-15 13:06:19 - [TEST_STEP][PASSED] - click(findTestObject("button_Log In")): Object: 'Object Repository/button_Log In' is clicked on

2022-03-15 13:06:20 - [MESSAGE][PASSED] - Object: 'Object Repository/button_Log In' is clicked on

2022-03-15 13:06:20 - [TEST_STEP][PASSED] - verifyElementText(findTestObject("div_The email address or mobile number you entered isnt connected to an account. Find your account and log in"), "The email address or mobile number you entered isn't connected to an account. Find your account and log in."): Actual text and expected text of test object 'Object Repository/div_The email address or mobile number you entered isnt connected to an account. Find your account and log in' are matched.

2022-03-15 13:06:22 - [MESSAGE][PASSED] - Actual text and expected text of test object 'Object Repository/div_The email address or mobile number you entered isnt connected to an account. Find your account and log in' are matched.

2022-03-15 13:06:22 - [TEST_STEP][PASSED] - closeBrowser(): Browser is closed

2022-03-15 13:06:22 - [MESSAGE][PASSED] - Browser is closed]]></system-out>
         <system-err><![CDATA[]]></system-err>
      </testcase>
      <testcase name="Test Cases/Negative/Failed Login with blank email and valid password" time="8.513" classname="Test Cases/Negative/Failed Login with blank email and valid password" status="PASSED">
         <system-out><![CDATA[2022-03-15 13:06:22 - [TEST_CASE][PASSED] - Test Cases/Negative/Failed Login with blank email and valid password: Test Cases/Negative/Failed Login with blank email and valid password

2022-03-15 13:06:23 - [TEST_STEP][PASSED] - openBrowser(""): Browser is opened with url: ''

2022-03-15 13:06:23 - [MESSAGE][INFO] - Starting 'Chrome' driver

2022-03-15 13:06:23 - [MESSAGE][INFO] - Action delay is set to 0 milliseconds

2022-03-15 13:06:25 - [MESSAGE][PASSED] - Browser is opened with url: ''

2022-03-15 13:06:25 - [TEST_STEP][PASSED] - navigateToUrl("https://web.facebook.com/"): Navigate to 'https://web.facebook.com/' successfully

2022-03-15 13:06:27 - [MESSAGE][PASSED] - Navigate to 'https://web.facebook.com/' successfully

2022-03-15 13:06:27 - [TEST_STEP][PASSED] - setEncryptedText(findTestObject("Object Repository/input_Facebook helps you connect and share _ab63fc"), "v6+BrTLuxzQDl26QyXP8dQ=="): Text ****** has been set on object 'Object Repository/input_Facebook helps you connect and share _ab63fc'

2022-03-15 13:06:28 - [MESSAGE][PASSED] - Text ****** has been set on object 'Object Repository/input_Facebook helps you connect and share _ab63fc'

2022-03-15 13:06:28 - [TEST_STEP][PASSED] - click(findTestObject("button_Log In")): Object: 'Object Repository/button_Log In' is clicked on

2022-03-15 13:06:28 - [MESSAGE][PASSED] - Object: 'Object Repository/button_Log In' is clicked on

2022-03-15 13:06:28 - [TEST_STEP][PASSED] - verifyElementText(findTestObject("div_The email address or mobile number you entered isnt connected to an account. Find your account and log in"), "The email address or mobile number you entered isn't connected to an account. Find your account and log in."): Actual text and expected text of test object 'Object Repository/div_The email address or mobile number you entered isnt connected to an account. Find your account and log in' are matched.

2022-03-15 13:06:30 - [MESSAGE][PASSED] - Actual text and expected text of test object 'Object Repository/div_The email address or mobile number you entered isnt connected to an account. Find your account and log in' are matched.

2022-03-15 13:06:30 - [TEST_STEP][PASSED] - closeBrowser(): Browser is closed

2022-03-15 13:06:31 - [MESSAGE][PASSED] - Browser is closed]]></system-out>
         <system-err><![CDATA[]]></system-err>
      </testcase>
      <testcase name="Test Cases/Negative/Failed Login with invalid email and valid password" time="9.6" classname="Test Cases/Negative/Failed Login with invalid email and valid password" status="PASSED">
         <system-out><![CDATA[2022-03-15 13:06:31 - [TEST_CASE][PASSED] - Test Cases/Negative/Failed Login with invalid email and valid password: Test Cases/Negative/Failed Login with invalid email and valid password

2022-03-15 13:06:31 - [TEST_STEP][PASSED] - openBrowser(""): Browser is opened with url: ''

2022-03-15 13:06:31 - [MESSAGE][INFO] - Starting 'Chrome' driver

2022-03-15 13:06:31 - [MESSAGE][INFO] - Action delay is set to 0 milliseconds

2022-03-15 13:06:33 - [MESSAGE][PASSED] - Browser is opened with url: ''

2022-03-15 13:06:33 - [TEST_STEP][PASSED] - navigateToUrl("https://web.facebook.com/"): Navigate to 'https://web.facebook.com/' successfully

2022-03-15 13:06:34 - [MESSAGE][PASSED] - Navigate to 'https://web.facebook.com/' successfully

2022-03-15 13:06:34 - [TEST_STEP][PASSED] - setText(findTestObject("Object Repository/input_Facebook helps you connect and share _ccef60"), "sayogo.ganjar1@gmail.com"): Text 'sayogo.ganjar1@gmail.com' is set on object 'Object Repository/input_Facebook helps you connect and share _ccef60'

2022-03-15 13:06:35 - [MESSAGE][PASSED] - Text 'sayogo.ganjar1@gmail.com' is set on object 'Object Repository/input_Facebook helps you connect and share _ccef60'

2022-03-15 13:06:35 - [TEST_STEP][PASSED] - setEncryptedText(findTestObject("Object Repository/input_Facebook helps you connect and share _ab63fc"), "v6+BrTLuxzQDl26QyXP8dQ=="): Text ****** has been set on object 'Object Repository/input_Facebook helps you connect and share _ab63fc'

2022-03-15 13:06:36 - [MESSAGE][PASSED] - Text ****** has been set on object 'Object Repository/input_Facebook helps you connect and share _ab63fc'

2022-03-15 13:06:36 - [TEST_STEP][PASSED] - click(findTestObject("button_Log In")): Object: 'Object Repository/button_Log In' is clicked on

2022-03-15 13:06:37 - [MESSAGE][PASSED] - Object: 'Object Repository/button_Log In' is clicked on

2022-03-15 13:06:37 - [TEST_STEP][PASSED] - verifyElementText(findTestObject("div_The email address you entered isnt connected to an account. Create a new Facebook account"), "The email address you entered isn't connected to an account. Find your account and log in."): Actual text and expected text of test object 'Object Repository/div_The email address you entered isnt connected to an account. Create a new Facebook account' are matched.

2022-03-15 13:06:40 - [MESSAGE][PASSED] - Actual text and expected text of test object 'Object Repository/div_The email address you entered isnt connected to an account. Create a new Facebook account' are matched.

2022-03-15 13:06:40 - [TEST_STEP][PASSED] - closeBrowser(): Browser is closed

2022-03-15 13:06:40 - [MESSAGE][PASSED] - Browser is closed]]></system-out>
         <system-err><![CDATA[]]></system-err>
      </testcase>
      <testcase name="Test Cases/Negative/Failed Login with invalid phone number and valid password" time="11.985" classname="Test Cases/Negative/Failed Login with invalid phone number and valid password" status="PASSED">
         <system-out><![CDATA[2022-03-15 13:06:40 - [TEST_CASE][PASSED] - Test Cases/Negative/Failed Login with invalid phone number and valid password: Test Cases/Negative/Failed Login with invalid phone number and valid password

2022-03-15 13:06:41 - [TEST_STEP][PASSED] - openBrowser(""): Browser is opened with url: ''

2022-03-15 13:06:41 - [MESSAGE][INFO] - Starting 'Chrome' driver

2022-03-15 13:06:41 - [MESSAGE][INFO] - Action delay is set to 0 milliseconds

2022-03-15 13:06:43 - [MESSAGE][PASSED] - Browser is opened with url: ''

2022-03-15 13:06:43 - [TEST_STEP][PASSED] - navigateToUrl("https://web.facebook.com/"): Navigate to 'https://web.facebook.com/' successfully

2022-03-15 13:06:44 - [MESSAGE][PASSED] - Navigate to 'https://web.facebook.com/' successfully

2022-03-15 13:06:44 - [TEST_STEP][PASSED] - setText(findTestObject("Object Repository/input_Facebook helps you connect and share _ccef60"), "0877892720677"): Text '0877892720677' is set on object 'Object Repository/input_Facebook helps you connect and share _ccef60'

2022-03-15 13:06:45 - [MESSAGE][PASSED] - Text '0877892720677' is set on object 'Object Repository/input_Facebook helps you connect and share _ccef60'

2022-03-15 13:06:45 - [TEST_STEP][PASSED] - setEncryptedText(findTestObject("Object Repository/input_Facebook helps you connect and share _ab63fc"), "v6+BrTLuxzQDl26QyXP8dQ=="): Text ****** has been set on object 'Object Repository/input_Facebook helps you connect and share _ab63fc'

2022-03-15 13:06:46 - [MESSAGE][PASSED] - Text ****** has been set on object 'Object Repository/input_Facebook helps you connect and share _ab63fc'

2022-03-15 13:06:46 - [TEST_STEP][PASSED] - click(findTestObject("button_Log In")): Object: 'Object Repository/button_Log In' is clicked on

2022-03-15 13:06:46 - [MESSAGE][PASSED] - Object: 'Object Repository/button_Log In' is clicked on

2022-03-15 13:06:46 - [TEST_STEP][PASSED] - verifyElementText(findTestObject("div_The mobile number you entered isnt connected to an account. Create a new Facebook account"), "The mobile number you entered isn't connected to an account. Find your account and log in."): Actual text and expected text of test object 'Object Repository/div_The mobile number you entered isnt connected to an account. Create a new Facebook account' are matched.

2022-03-15 13:06:52 - [MESSAGE][PASSED] - Actual text and expected text of test object 'Object Repository/div_The mobile number you entered isnt connected to an account. Create a new Facebook account' are matched.

2022-03-15 13:06:52 - [TEST_STEP][PASSED] - closeBrowser(): Browser is closed

2022-03-15 13:06:52 - [MESSAGE][PASSED] - Browser is closed]]></system-out>
         <system-err><![CDATA[]]></system-err>
      </testcase>
      <testcase name="Test Cases/Negative/Failed Login with valid email and blank password" time="10.112" classname="Test Cases/Negative/Failed Login with valid email and blank password" status="PASSED">
         <system-out><![CDATA[2022-03-15 13:06:52 - [TEST_CASE][PASSED] - Test Cases/Negative/Failed Login with valid email and blank password: Test Cases/Negative/Failed Login with valid email and blank password

2022-03-15 13:06:53 - [TEST_STEP][PASSED] - openBrowser(""): Browser is opened with url: ''

2022-03-15 13:06:53 - [MESSAGE][INFO] - Starting 'Chrome' driver

2022-03-15 13:06:53 - [MESSAGE][INFO] - Action delay is set to 0 milliseconds

2022-03-15 13:06:55 - [MESSAGE][PASSED] - Browser is opened with url: ''

2022-03-15 13:06:55 - [TEST_STEP][PASSED] - navigateToUrl("https://web.facebook.com/"): Navigate to 'https://web.facebook.com/' successfully

2022-03-15 13:06:56 - [MESSAGE][PASSED] - Navigate to 'https://web.facebook.com/' successfully

2022-03-15 13:06:56 - [TEST_STEP][PASSED] - setText(findTestObject("Object Repository/input_Facebook helps you connect and share _ccef60"), "ganjar.sayogo1@gmail.com"): Text 'ganjar.sayogo1@gmail.com' is set on object 'Object Repository/input_Facebook helps you connect and share _ccef60'

2022-03-15 13:06:57 - [MESSAGE][PASSED] - Text 'ganjar.sayogo1@gmail.com' is set on object 'Object Repository/input_Facebook helps you connect and share _ccef60'

2022-03-15 13:06:57 - [TEST_STEP][PASSED] - click(findTestObject("button_Log In")): Object: 'Object Repository/button_Log In' is clicked on

2022-03-15 13:06:58 - [MESSAGE][PASSED] - Object: 'Object Repository/button_Log In' is clicked on

2022-03-15 13:06:58 - [TEST_STEP][PASSED] - verifyElementText(findTestObject("div_The password that youve entered is incorrect. Forgotten password"), "The password that you've entered is incorrect. Forgotten password?"): Actual text and expected text of test object 'Object Repository/div_The password that youve entered is incorrect. Forgotten password' are matched.

2022-03-15 13:07:02 - [MESSAGE][PASSED] - Actual text and expected text of test object 'Object Repository/div_The password that youve entered is incorrect. Forgotten password' are matched.

2022-03-15 13:07:02 - [TEST_STEP][PASSED] - closeBrowser(): Browser is closed

2022-03-15 13:07:03 - [MESSAGE][PASSED] - Browser is closed]]></system-out>
         <system-err><![CDATA[]]></system-err>
      </testcase>
      <testcase name="Test Cases/Negative/Failed Login with valid email and invalid password" time="11.324" classname="Test Cases/Negative/Failed Login with valid email and invalid password" status="PASSED">
         <system-out><![CDATA[2022-03-15 13:07:03 - [TEST_CASE][PASSED] - Test Cases/Negative/Failed Login with valid email and invalid password: Test Cases/Negative/Failed Login with valid email and invalid password

2022-03-15 13:07:03 - [TEST_STEP][PASSED] - openBrowser(""): Browser is opened with url: ''

2022-03-15 13:07:03 - [MESSAGE][INFO] - Starting 'Chrome' driver

2022-03-15 13:07:03 - [MESSAGE][INFO] - Action delay is set to 0 milliseconds

2022-03-15 13:07:05 - [MESSAGE][PASSED] - Browser is opened with url: ''

2022-03-15 13:07:05 - [TEST_STEP][PASSED] - navigateToUrl("https://web.facebook.com/"): Navigate to 'https://web.facebook.com/' successfully

2022-03-15 13:07:06 - [MESSAGE][PASSED] - Navigate to 'https://web.facebook.com/' successfully

2022-03-15 13:07:06 - [TEST_STEP][PASSED] - setText(findTestObject("Object Repository/input_Facebook helps you connect and share _ccef60"), "ganjar.sayogo1@gmail.com"): Text 'ganjar.sayogo1@gmail.com' is set on object 'Object Repository/input_Facebook helps you connect and share _ccef60'

2022-03-15 13:07:07 - [MESSAGE][PASSED] - Text 'ganjar.sayogo1@gmail.com' is set on object 'Object Repository/input_Facebook helps you connect and share _ccef60'

2022-03-15 13:07:07 - [TEST_STEP][PASSED] - setEncryptedText(findTestObject("Object Repository/input_Facebook helps you connect and share _ab63fc"), "j42xMHYx3xT8FShIAQJSdw=="): Text ****** has been set on object 'Object Repository/input_Facebook helps you connect and share _ab63fc'

2022-03-15 13:07:08 - [MESSAGE][PASSED] - Text ****** has been set on object 'Object Repository/input_Facebook helps you connect and share _ab63fc'

2022-03-15 13:07:08 - [TEST_STEP][PASSED] - click(findTestObject("button_Log In")): Object: 'Object Repository/button_Log In' is clicked on

2022-03-15 13:07:08 - [MESSAGE][PASSED] - Object: 'Object Repository/button_Log In' is clicked on

2022-03-15 13:07:08 - [TEST_STEP][PASSED] - verifyElementText(findTestObject("div_The password that youve entered is incorrect. Forgotten password"), "The password that you've entered is incorrect. Forgotten password?"): Actual text and expected text of test object 'Object Repository/div_The password that youve entered is incorrect. Forgotten password' are matched.

2022-03-15 13:07:13 - [MESSAGE][PASSED] - Actual text and expected text of test object 'Object Repository/div_The password that youve entered is incorrect. Forgotten password' are matched.

2022-03-15 13:07:13 - [TEST_STEP][PASSED] - closeBrowser(): Browser is closed

2022-03-15 13:07:14 - [MESSAGE][PASSED] - Browser is closed]]></system-out>
         <system-err><![CDATA[]]></system-err>
      </testcase>
      <testcase name="Test Cases/Negative/Failed Login with valid phone number and blank password" time="11.006" classname="Test Cases/Negative/Failed Login with valid phone number and blank password" status="PASSED">
         <system-out><![CDATA[2022-03-15 13:07:14 - [TEST_CASE][PASSED] - Test Cases/Negative/Failed Login with valid phone number and blank password: Test Cases/Negative/Failed Login with valid phone number and blank password

2022-03-15 13:07:15 - [TEST_STEP][PASSED] - openBrowser(""): Browser is opened with url: ''

2022-03-15 13:07:15 - [MESSAGE][INFO] - Starting 'Chrome' driver

2022-03-15 13:07:15 - [MESSAGE][INFO] - Action delay is set to 0 milliseconds

2022-03-15 13:07:16 - [MESSAGE][PASSED] - Browser is opened with url: ''

2022-03-15 13:07:16 - [TEST_STEP][PASSED] - navigateToUrl("https://web.facebook.com/"): Navigate to 'https://web.facebook.com/' successfully

2022-03-15 13:07:18 - [MESSAGE][PASSED] - Navigate to 'https://web.facebook.com/' successfully

2022-03-15 13:07:18 - [TEST_STEP][PASSED] - setText(findTestObject("Object Repository/input_Facebook helps you connect and share _ccef60"), "087789272067"): Text '087789272067' is set on object 'Object Repository/input_Facebook helps you connect and share _ccef60'

2022-03-15 13:07:19 - [MESSAGE][PASSED] - Text '087789272067' is set on object 'Object Repository/input_Facebook helps you connect and share _ccef60'

2022-03-15 13:07:19 - [TEST_STEP][PASSED] - click(findTestObject("button_Log In")): Object: 'Object Repository/button_Log In' is clicked on

2022-03-15 13:07:19 - [MESSAGE][PASSED] - Object: 'Object Repository/button_Log In' is clicked on

2022-03-15 13:07:19 - [TEST_STEP][PASSED] - verifyElementText(findTestObject("div_The password that youve entered is incorrect. Forgotten password"), "The password that you've entered is incorrect. Forgotten password?"): Actual text and expected text of test object 'Object Repository/div_The password that youve entered is incorrect. Forgotten password' are matched.

2022-03-15 13:07:24 - [MESSAGE][PASSED] - Actual text and expected text of test object 'Object Repository/div_The password that youve entered is incorrect. Forgotten password' are matched.

2022-03-15 13:07:24 - [TEST_STEP][PASSED] - closeBrowser(): Browser is closed

2022-03-15 13:07:25 - [MESSAGE][PASSED] - Browser is closed]]></system-out>
         <system-err><![CDATA[]]></system-err>
      </testcase>
      <testcase name="Test Cases/Negative/Failed Login with valid phone number and invalid password" time="12.344" classname="Test Cases/Negative/Failed Login with valid phone number and invalid password" status="PASSED">
         <system-out><![CDATA[2022-03-15 13:07:25 - [TEST_CASE][PASSED] - Test Cases/Negative/Failed Login with valid phone number and invalid password: Test Cases/Negative/Failed Login with valid phone number and invalid password

2022-03-15 13:07:26 - [TEST_STEP][PASSED] - openBrowser(""): Browser is opened with url: ''

2022-03-15 13:07:26 - [MESSAGE][INFO] - Starting 'Chrome' driver

2022-03-15 13:07:26 - [MESSAGE][INFO] - Action delay is set to 0 milliseconds

2022-03-15 13:07:27 - [MESSAGE][PASSED] - Browser is opened with url: ''

2022-03-15 13:07:27 - [TEST_STEP][PASSED] - navigateToUrl("https://web.facebook.com/"): Navigate to 'https://web.facebook.com/' successfully

2022-03-15 13:07:29 - [MESSAGE][PASSED] - Navigate to 'https://web.facebook.com/' successfully

2022-03-15 13:07:29 - [TEST_STEP][PASSED] - setText(findTestObject("Object Repository/input_Facebook helps you connect and share _ccef60"), "087789272067"): Text '087789272067' is set on object 'Object Repository/input_Facebook helps you connect and share _ccef60'

2022-03-15 13:07:29 - [MESSAGE][PASSED] - Text '087789272067' is set on object 'Object Repository/input_Facebook helps you connect and share _ccef60'

2022-03-15 13:07:29 - [TEST_STEP][PASSED] - setEncryptedText(findTestObject("Object Repository/input_Facebook helps you connect and share _ab63fc"), "j42xMHYx3xT8FShIAQJSdw=="): Text ****** has been set on object 'Object Repository/input_Facebook helps you connect and share _ab63fc'

2022-03-15 13:07:30 - [MESSAGE][PASSED] - Text ****** has been set on object 'Object Repository/input_Facebook helps you connect and share _ab63fc'

2022-03-15 13:07:30 - [TEST_STEP][PASSED] - click(findTestObject("button_Log In")): Object: 'Object Repository/button_Log In' is clicked on

2022-03-15 13:07:31 - [MESSAGE][PASSED] - Object: 'Object Repository/button_Log In' is clicked on

2022-03-15 13:07:31 - [TEST_STEP][PASSED] - verifyElementText(findTestObject("div_The password that youve entered is incorrect. Forgotten password"), "The password that you've entered is incorrect. Forgotten password?"): Actual text and expected text of test object 'Object Repository/div_The password that youve entered is incorrect. Forgotten password' are matched.

2022-03-15 13:07:37 - [MESSAGE][PASSED] - Actual text and expected text of test object 'Object Repository/div_The password that youve entered is incorrect. Forgotten password' are matched.

2022-03-15 13:07:37 - [TEST_STEP][PASSED] - closeBrowser(): Browser is closed

2022-03-15 13:07:37 - [MESSAGE][PASSED] - Browser is closed]]></system-out>
         <system-err><![CDATA[]]></system-err>
      </testcase>
      <system-out><![CDATA[2022-03-15 13:06:12 - [TEST_SUITE][PASSED] - Negative Cases: Test Cases/Negative/Failed Login with valid phone number and invalid password]]></system-out>
      <system-err><![CDATA[]]></system-err>
   </testsuite>
</testsuites>
